<?xml version="1.0" encoding="utf-8"?>
<TestRun id="67859df2-4713-4e1a-bea0-4b778d2ac775" name="PRABHJEET@LAPTOP-BCA0MQ7G 2026-08-22 12:48:46" runUser="LAPTOP-BCA0MQ7G\PRABHJEET" xmlns="http://microsoft.com/schemas/VisualStudio/TeamTest/2010">
  <Times creation="2026-08-22T12:48:46.7688778+05:30" queuing="2026-08-22T12:48:46.7688783+05:30" start="2026-08-22T12:48:42.7590883+05:30" finish="2026-08-22T12:48:47.8557485+05:30" />
  <TestSettings name="default" id="858fe624-9836-448a-a176-48c223ea44b4">
    <Deployment runDeploymentRoot="PRABHJEET_LAPTOP-BCA0MQ7G_2026-08-22_12_48_46" />
  </TestSettings>
  <Results>
    <UnitTestResult executionId="88b15a6d-2b25-4f93-aeb1-f2d0aa121e89" testId="f78cf6eb-a20c-f063-9cd8-52ef6263df29" testName="Quotes.Tests.Unit.QuoteTests.Create_EmptyOrWhitespaceAuthor_ShouldThrowArgumentException(invalidAuthor: null)" computerName="LAPTOP-BCA0MQ7G" duration="00:00:00.0004894" startTime="2026-08-22T12:48:46.7438066+05:30" endTime="2026-08-22T12:48:46.7440000+05:30" testType="13cdc9d9-ddb5-4fa4-a97d-d965ccfc6d4b" outcome="Passed" testListId="8c84fa94-04c1-424b-9868-57a2d4851a1d" relativeResultsDirectory="88b15a6d-2b25-4f93-aeb1-f2d0aa121e89" />
    <UnitTestResult executionId="a29dc812-bb61-422b-a225-6674c3cd3f63" testId="7a42f3c6-978f-6f66-e22e-7084020b0f83" testName="Quotes.Tests.Unit.RefreshTokenServiceTests.RefreshTokenAsync_ValidToken_ShouldRevokeOldTokenAndCreateNewOne" computerName="LAPTOP-BCA0MQ7G" duration="00:00:00.0520088" startTime="2026-08-22T12:48:47.6958250+05:30" endTime="2026-08-22T12:48:47.7474780+05:30" testType="13cdc9d9-ddb5-4fa4-a97d-d965ccfc6d4b" outcome="Passed" testListId="8c84fa94-04c1-424b-9868-57a2d4851a1d" relativeResultsDirectory="a29dc812-bb61-422b-a225-6674c3cd3f63" />
    <UnitTestResult executionId="40e2aec2-019a-44ca-babf-56c45359a144" testId="94482771-f0b3-0159-771b-dfbeae6c9e1c" testName="Quotes.Tests.Unit.QuoteTests.Create_ValidArguments_ShouldReturnQuoteInstance" computerName="LAPTOP-BCA0MQ7G" duration="00:00:00.0034954" startTime="2026-08-22T12:48:46.7405703+05:30" endTime="2026-08-22T12:48:46.7419820+05:30" testType="13cdc9d9-ddb5-4fa4-a97d-d965ccfc6d4b" outcome="Passed" testListId="8c84fa94-04c1-424b-9868-57a2d4851a1d" relativeResultsDirectory="40e2aec2-019a-44ca-babf-56c45359a144" />
    <UnitTestResult executionId="e2ac2c6f-4292-49be-9c5f-caf211090513" testId="81e837d2-5f2a-40a2-c8cf-37ea3a2e8405" testName="Quotes.Tests.Unit.RefreshTokenServiceTests.RefreshTokenAsync_NullOrEmptyToken_ShouldReturnError(invalidToken: &quot;&quot;)" computerName="LAPTOP-BCA0MQ7G" duration="00:00:00.0003887" startTime="2026-08-22T12:48:47.6953394+05:30" endTime="2026-08-22T12:48:47.6954689+05:30" testType="13cdc9d9-ddb5-4fa4-a97d-d965ccfc6d4b" outcome="Passed" testListId="8c84fa94-04c1-424b-9868-57a2d4851a1d" relativeResultsDirectory="e2ac2c6f-4292-49be-9c5f-caf211090513" />
    <UnitTestResult executionId="826f83bb-0018-4e56-9746-d4765d2a4251" testId="1d1dc2b3-4075-ace9-3c3a-69da4ac5dc7c" testName="Quotes.Tests.Unit.QuoteTests.Create_EmptyOrWhitespaceText_ShouldThrowArgumentException(invalidText: &quot;   &quot;)" computerName="LAPTOP-BCA0MQ7G" duration="00:00:00.0009273" startTime="2026-08-22T12:48:46.7395239+05:30" endTime="2026-08-22T12:48:46.7399773+05:30" testType="13cdc9d9-ddb5-4fa4-a97d-d965ccfc6d4b" outcome="Passed" testListId="8c84fa94-04c1-424b-9868-57a2d4851a1d" relativeResultsDirectory="826f83bb-0018-4e56-9746-d4765d2a4251" />
    <UnitTestResult executionId="00d116d1-5031-46d8-be60-d996afd32761" testId="8ee694a2-158a-6b45-2791-fad7f2f51ba5" testName="Quotes.Tests.Unit.CollectionTests.SetName_TooShortName_ShouldThrowArgumentException" computerName="LAPTOP-BCA0MQ7G" duration="00:00:00.0007154" startTime="2026-08-22T12:48:46.7472588+05:30" endTime="2026-08-22T12:48:46.7474596+05:30" testType="13cdc9d9-ddb5-4fa4-a97d-d965ccfc6d4b" outcome="Passed" testListId="8c84fa94-04c1-424b-9868-57a2d4851a1d" relativeResultsDirectory="00d116d1-5031-46d8-be60-d996afd32761" />
    <UnitTestResult executionId="e7ad6ed3-399b-4616-a3bc-0276286d0d55" testId="aa94dbea-e5a7-22a8-621d-e9a741729b97" testName="Quotes.Tests.Unit.QuoteTests.Create_TextTooLong_ShouldThrowArgumentException" computerName="LAPTOP-BCA0MQ7G" duration="00:00:00.8171164" startTime="2026-08-22T12:48:45.8980717+05:30" endTime="2026-08-22T12:48:46.7388911+05:30" testType="13cdc9d9-ddb5-4fa4-a97d-d965ccfc6d4b" outcome="Passed" testListId="8c84fa94-04c1-424b-9868-57a2d4851a1d" relativeResultsDirectory="e7ad6ed3-399b-4616-a3bc-0276286d0d55" />
    <UnitTestResult executionId="deb3cd29-2c18-49e4-80d2-a645fe65a725" testId="33811944-3b41-af49-0521-0ab36fa80da1" testName="Quotes.Tests.Unit.CollectionTests.AddAndRemoveItem_ValidQuoteId_ShouldLeaveItemsEmpty" computerName="LAPTOP-BCA0MQ7G" duration="00:00:00.0010930" startTime="2026-08-22T12:48:46.7444111+05:30" endTime="2026-08-22T12:48:46.7448609+05:30" testType="13cdc9d9-ddb5-4fa4-a97d-d965ccfc6d4b" outcome="Passed" testListId="8c84fa94-04c1-424b-9868-57a2d4851a1d" relativeResultsDirectory="deb3cd29-2c18-49e4-80d2-a645fe65a725" />
    <UnitTestResult executionId="1b517aaf-32dd-49f5-b030-d3019563d2ea" testId="424e48f6-7b69-0dc7-e919-45efe4bcf166" testName="Quotes.Tests.Unit.CreateQuoteRequestValidatorTests.Validate_EmptyOrWhitespaceAuthor_ShouldHaveAuthorRequiredError(invalidAuthor: &quot;  &quot;)" computerName="LAPTOP-BCA0MQ7G" duration="00:00:00.0000276" startTime="2026-08-22T12:48:46.7311160+05:30" endTime="2026-08-22T12:48:46.7312263+05:30" testType="13cdc9d9-ddb5-4fa4-a97d-d965ccfc6d4b" outcome="Passed" testListId="8c84fa94-04c1-424b-9868-57a2d4851a1d" relativeResultsDirectory="1b517aaf-32dd-49f5-b030-d3019563d2ea" />
    <UnitTestResult executionId="00a1d4e2-fa4f-45b6-84c2-3d73e982d43f" testId="e9b440e3-4623-19d9-8c7d-2cc4cdd7a9b1" testName="Quotes.Tests.Unit.QuoteTests.Create_EmptyOrWhitespaceAuthor_ShouldThrowArgumentException(invalidAuthor: &quot;   &quot;)" computerName="LAPTOP-BCA0MQ7G" duration="00:00:00.0002140" startTime="2026-08-22T12:48:46.7441583+05:30" endTime="2026-08-22T12:48:46.7444768+05:30" testType="13cdc9d9-ddb5-4fa4-a97d-d965ccfc6d4b" outcome="Passed" testListId="8c84fa94-04c1-424b-9868-57a2d4851a1d" relativeResultsDirectory="00a1d4e2-fa4f-45b6-84c2-3d73e982d43f" />
    <UnitTestResult executionId="68bd4c1b-70e1-4459-9c3e-ed4f14cdc718" testId="afe3fbe8-3b10-c7d7-8ab8-e4d7f8f57da3" testName="Quotes.Tests.Unit.CreateQuoteRequestValidatorTests.Validate_AuthorTooLong_ShouldHaveAuthorLengthError" computerName="LAPTOP-BCA0MQ7G" duration="00:00:00.0003331" startTime="2026-08-22T12:48:46.7427286+05:30" endTime="2026-08-22T12:48:46.7430110+05:30" testType="13cdc9d9-ddb5-4fa4-a97d-d965ccfc6d4b" outcome="Passed" testListId="8c84fa94-04c1-424b-9868-57a2d4851a1d" relativeResultsDirectory="68bd4c1b-70e1-4459-9c3e-ed4f14cdc718" />
    <UnitTestResult executionId="f98ef996-da00-4f82-87d6-a93f574c8cd8" testId="6420b495-e259-3e83-161b-5c8db8f89958" testName="Quotes.Tests.Unit.CollectionTests.SetName_EmptyOrWhitespaceName_ShouldThrowArgumentException(invalidName: null)" computerName="LAPTOP-BCA0MQ7G" duration="00:00:00.0004547" startTime="2026-08-22T12:48:46.7424658+05:30" endTime="2026-08-22T12:48:46.7428052+05:30" testType="13cdc9d9-ddb5-4fa4-a97d-d965ccfc6d4b" outcome="Passed" testListId="8c84fa94-04c1-424b-9868-57a2d4851a1d" relativeResultsDirectory="f98ef996-da00-4f82-87d6-a93f574c8cd8" />
    <UnitTestResult executionId="2c1bf426-f37c-4804-b8c4-72e593c3fbf3" testId="8df0d022-af99-9e2f-bd4e-307b615edf10" testName="Quotes.Tests.Unit.CollectionTests.Constructor_EmptyOwnerId_ShouldThrowArgumentException" computerName="LAPTOP-BCA0MQ7G" duration="00:00:00.0007331" startTime="2026-08-22T12:48:46.7486922+05:30" endTime="2026-08-22T12:48:46.7488132+05:30" testType="13cdc9d9-ddb5-4fa4-a97d-d965ccfc6d4b" outcome="Passed" testListId="8c84fa94-04c1-424b-9868-57a2d4851a1d" relativeResultsDirectory="2c1bf426-f37c-4804-b8c4-72e593c3fbf3" />
    <UnitTestResult executionId="538f81e7-7cc8-4c45-8a5d-779393692844" testId="05e4efd7-a1fa-5539-3cc6-5cee58271dcd" testName="Quotes.Tests.Unit.CreateQuoteRequestValidatorTests.Validate_EmptyOrWhitespaceText_ShouldHaveTextRequiredError(invalidText: &quot;&quot;)" computerName="LAPTOP-BCA0MQ7G" duration="00:00:00.0000201" startTime="2026-08-22T12:48:46.7331678+05:30" endTime="2026-08-22T12:48:46.7332494+05:30" testType="13cdc9d9-ddb5-4fa4-a97d-d965ccfc6d4b" outcome="Passed" testListId="8c84fa94-04c1-424b-9868-57a2d4851a1d" relativeResultsDirectory="538f81e7-7cc8-4c45-8a5d-779393692844" />
    <UnitTestResult executionId="62f81b35-28d5-4711-815a-f32b4f9514bf" testId="53773d91-5971-d6b0-bff3-cd020a017f58" testName="Quotes.Tests.Unit.QuoteTests.Create_AuthorTooShort_ShouldThrowArgumentException" computerName="LAPTOP-BCA0MQ7G" duration="00:00:00.0006837" startTime="2026-08-22T12:48:46.7447956+05:30" endTime="2026-08-22T12:48:46.7463047+05:30" testType="13cdc9d9-ddb5-4fa4-a97d-d965ccfc6d4b" outcome="Passed" testListId="8c84fa94-04c1-424b-9868-57a2d4851a1d" relativeResultsDirectory="62f81b35-28d5-4711-815a-f32b4f9514bf" />
    <UnitTestResult executionId="19e9d464-d30a-4886-90e7-8c4ee26416e4" testId="296afa96-5984-2ef5-e361-826d8fa491cb" testName="Quotes.Tests.Unit.CreateQuoteRequestValidatorTests.Validate_EmptyOrWhitespaceText_ShouldHaveTextRequiredError(invalidText: null)" computerName="LAPTOP-BCA0MQ7G" duration="00:00:00.0004603" startTime="2026-08-22T12:48:46.7325019+05:30" endTime="2026-08-22T12:48:46.7325883+05:30" testType="13cdc9d9-ddb5-4fa4-a97d-d965ccfc6d4b" outcome="Passed" testListId="8c84fa94-04c1-424b-9868-57a2d4851a1d" relativeResultsDirectory="19e9d464-d30a-4886-90e7-8c4ee26416e4" />
    <UnitTestResult executionId="e9de4491-607d-416a-94d7-b6136b147838" testId="d4f70717-294d-270a-481f-d8aeb320f3fc" testName="Quotes.Tests.Unit.QuoteTests.Create_TextTooShort_ShouldThrowArgumentException" computerName="LAPTOP-BCA0MQ7G" duration="00:00:00.0006610" startTime="2026-08-22T12:48:46.7446114+05:30" endTime="2026-08-22T12:48:46.7446647+05:30" testType="13cdc9d9-ddb5-4fa4-a97d-d965ccfc6d4b" outcome="Passed" testListId="8c84fa94-04c1-424b-9868-57a2d4851a1d" relativeResultsDirectory="e9de4491-607d-416a-94d7-b6136b147838" />
    <UnitTestResult executionId="1e981e49-2504-4055-9da8-5a133e2ae823" testId="bfad2a16-e9a2-5dc7-c6ae-4b05f8a33d32" testName="Quotes.Tests.Unit.CollectionTests.SetName_EmptyOrWhitespaceName_ShouldThrowArgumentException(invalidName: &quot;&quot;)" computerName="LAPTOP-BCA0MQ7G" duration="00:00:00.0008229" startTime="2026-08-22T12:48:46.7416558+05:30" endTime="2026-08-22T12:48:46.7423094+05:30" testType="13cdc9d9-ddb5-4fa4-a97d-d965ccfc6d4b" outcome="Passed" testListId="8c84fa94-04c1-424b-9868-57a2d4851a1d" relativeResultsDirectory="1e981e49-2504-4055-9da8-5a133e2ae823" />
    <UnitTestResult executionId="6ddf00d7-2dcd-4480-b6eb-e2f4f7996187" testId="49194d59-0aa1-9cb9-324b-78a4933d009f" testName="Quotes.Tests.Unit.QuoteTests.Create_EmptyOrWhitespaceText_ShouldThrowArgumentException(invalidText: &quot;&quot;)" computerName="LAPTOP-BCA0MQ7G" duration="00:00:00.0002093" startTime="2026-08-22T12:48:46.7403501+05:30" endTime="2026-08-22T12:48:46.7404129+05:30" testType="13cdc9d9-ddb5-4fa4-a97d-d965ccfc6d4b" outcome="Passed" testListId="8c84fa94-04c1-424b-9868-57a2d4851a1d" relativeResultsDirectory="6ddf00d7-2dcd-4480-b6eb-e2f4f7996187" />
    <UnitTestResult executionId="ec0f0c6d-6f99-4836-87a8-63188ace6731" testId="ff463047-a9c8-4d22-8656-89a78ca1507a" testName="Quotes.Tests.Unit.RefreshTokenServiceTests.RefreshTokenAsync_TokenNotFoundInDb_ShouldReturnError" computerName="LAPTOP-BCA0MQ7G" duration="00:00:00.0013431" startTime="2026-08-22T12:48:47.7769295+05:30" endTime="2026-08-22T12:48:47.7780043+05:30" testType="13cdc9d9-ddb5-4fa4-a97d-d965ccfc6d4b" outcome="Passed" testListId="8c84fa94-04c1-424b-9868-57a2d4851a1d" relativeResultsDirectory="ec0f0c6d-6f99-4836-87a8-63188ace6731" />
    <UnitTestResult executionId="8e3c2605-85f6-4263-b1ad-afbeae5edb40" testId="7c89813e-42a4-0d1f-431a-1c464eac624a" testName="Quotes.Tests.Unit.RefreshTokenServiceTests.RefreshTokenAsync_NullOrEmptyToken_ShouldReturnError(invalidToken: &quot;   &quot;)" computerName="LAPTOP-BCA0MQ7G" duration="00:00:00.0013140" startTime="2026-08-22T12:48:47.6934876+05:30" endTime="2026-08-22T12:48:47.6946929+05:30" testType="13cdc9d9-ddb5-4fa4-a97d-d965ccfc6d4b" outcome="Passed" testListId="8c84fa94-04c1-424b-9868-57a2d4851a1d" relativeResultsDirectory="8e3c2605-85f6-4263-b1ad-afbeae5edb40" />
    <UnitTestResult executionId="a9f2ba98-fefe-4cf5-ba10-1fd45e66e77e" testId="6309349c-e86f-e9fa-7131-010fa3bf2125" testName="Quotes.Tests.Unit.CollectionTests.AddItem_DuplicateQuoteId_ShouldThrowInvalidOperationException" computerName="LAPTOP-BCA0MQ7G" duration="00:00:00.8170200" startTime="2026-08-22T12:48:45.8958611+05:30" endTime="2026-08-22T12:48:46.7388415+05:30" testType="13cdc9d9-ddb5-4fa4-a97d-d965ccfc6d4b" outcome="Passed" testListId="8c84fa94-04c1-424b-9868-57a2d4851a1d" relativeResultsDirectory="a9f2ba98-fefe-4cf5-ba10-1fd45e66e77e" />
    <UnitTestResult executionId="05a58d8d-3c92-4ef5-ba3f-de0ae249bba4" testId="f457da7c-4fad-ee78-8982-4f582b7db7d4" testName="Quotes.Tests.Unit.CreateQuoteRequestValidatorTests.Validate_EmptyOrWhitespaceAuthor_ShouldHaveAuthorRequiredError(invalidAuthor: &quot;&quot;)" computerName="LAPTOP-BCA0MQ7G" duration="00:00:00.8113829" startTime="2026-08-22T12:48:45.8980991+05:30" endTime="2026-08-22T12:48:46.7135756+05:30" testType="13cdc9d9-ddb5-4fa4-a97d-d965ccfc6d4b" outcome="Passed" testListId="8c84fa94-04c1-424b-9868-57a2d4851a1d" relativeResultsDirectory="05a58d8d-3c92-4ef5-ba3f-de0ae249bba4" />
    <UnitTestResult executionId="95986253-80d3-4f75-a792-8a37a4a7f37d" testId="eef9b82d-77be-20cc-87fc-dd6fb9fdfce9" testName="Quotes.Tests.Unit.RefreshTokenServiceTests.RefreshTokenAsync_TokenAlreadyRevoked_ShouldTriggerReuseDetectionAndRevokeFamily" computerName="LAPTOP-BCA0MQ7G" duration="00:00:00.0290957" startTime="2026-08-22T12:48:47.7476883+05:30" endTime="2026-08-22T12:48:47.7765799+05:30" testType="13cdc9d9-ddb5-4fa4-a97d-d965ccfc6d4b" outcome="Passed" testListId="8c84fa94-04c1-424b-9868-57a2d4851a1d" relativeResultsDirectory="95986253-80d3-4f75-a792-8a37a4a7f37d" />
    <UnitTestResult executionId="b9a33cff-494b-442a-8935-9592366b7803" testId="3a39fb0e-9e0e-125a-1bea-d0b59c1b202d" testName="Quotes.Tests.Unit.QuoteLoggerTests.LogQuoteCreation_ValidArguments_ShouldInvokeClockAndLogCorrectMessage" computerName="LAPTOP-BCA0MQ7G" duration="00:00:00.9284844" startTime="2026-08-22T12:48:45.8980352+05:30" endTime="2026-08-22T12:48:46.8219219+05:30" testType="13cdc9d9-ddb5-4fa4-a97d-d965ccfc6d4b" outcome="Passed" testListId="8c84fa94-04c1-424b-9868-57a2d4851a1d" relativeResultsDirectory="b9a33cff-494b-442a-8935-9592366b7803" />
    <UnitTestResult executionId="1bcc9d56-84f3-46c0-823e-7903bb1750b4" testId="253da96d-7bdb-96dd-4145-0c856b44291a" testName="Quotes.Tests.Unit.QuoteTests.Create_AuthorTooLong_ShouldThrowArgumentException" computerName="LAPTOP-BCA0MQ7G" duration="00:00:00.0006342" startTime="2026-08-22T12:48:46.7469904+05:30" endTime="2026-08-22T12:48:46.7473146+05:30" testType="13cdc9d9-ddb5-4fa4-a97d-d965ccfc6d4b" outcome="Passed" testListId="8c84fa94-04c1-424b-9868-57a2d4851a1d" relativeResultsDirectory="1bcc9d56-84f3-46c0-823e-7903bb1750b4" />
    <UnitTestResult executionId="fe2cacb2-60b4-422c-9b69-ad44aa7b5efa" testId="11179fa7-0240-9727-7edd-62e742ecd90c" testName="Quotes.Tests.Unit.CreateQuoteRequestValidatorTests.Validate_AuthorTooShort_ShouldHaveAuthorLengthError" computerName="LAPTOP-BCA0MQ7G" duration="00:00:00.0003463" startTime="2026-08-22T12:48:46.7419406+05:30" endTime="2026-08-22T12:48:46.7425534+05:30" testType="13cdc9d9-ddb5-4fa4-a97d-d965ccfc6d4b" outcome="Passed" testListId="8c84fa94-04c1-424b-9868-57a2d4851a1d" relativeResultsDirectory="fe2cacb2-60b4-422c-9b69-ad44aa7b5efa" />
    <UnitTestResult executionId="4fdf5c07-8ec2-4ac6-afe0-ac45cd211855" testId="2387080a-a704-4fc5-598c-b8ca19d8de01" testName="Quotes.Tests.Unit.CollectionTests.SetName_TooLongName_ShouldThrowArgumentException" computerName="LAPTOP-BCA0MQ7G" duration="00:00:00.0007391" startTime="2026-08-22T12:48:46.7490017+05:30" endTime="2026-08-22T12:48:46.7490669+05:30" testType="13cdc9d9-ddb5-4fa4-a97d-d965ccfc6d4b" outcome="Passed" testListId="8c84fa94-04c1-424b-9868-57a2d4851a1d" relativeResultsDirectory="4fdf5c07-8ec2-4ac6-afe0-ac45cd211855" />
    <UnitTestResult executionId="9106481d-629f-4814-a4cb-4b05f422282d" testId="2204beb1-5c43-0544-bd9f-9e5b481eaa6e" testName="Quotes.Tests.Unit.CollectionTests.AddItem_OverFiftyItems_ShouldThrowInvalidOperationException" computerName="LAPTOP-BCA0MQ7G" duration="00:00:00.0008965" startTime="2026-08-22T12:48:46.7413451+05:30" endTime="2026-08-22T12:48:46.7414533+05:30" testType="13cdc9d9-ddb5-4fa4-a97d-d965ccfc6d4b" outcome="Passed" testListId="8c84fa94-04c1-424b-9868-57a2d4851a1d" relativeResultsDirectory="9106481d-629f-4814-a4cb-4b05f422282d" />
    <UnitTestResult executionId="83c19d9e-7fc8-4d00-8a52-32ffceb70801" testId="4b3f9805-b244-f30e-7134-940d2b842506" testName="Quotes.Tests.Unit.CollectionTests.RemoveItem_NonExistentQuoteId_ShouldThrowInvalidOperationException" computerName="LAPTOP-BCA0MQ7G" duration="00:00:00.0007548" startTime="2026-08-22T12:48:46.7450422+05:30" endTime="2026-08-22T12:48:46.7470733+05:30" testType="13cdc9d9-ddb5-4fa4-a97d-d965ccfc6d4b" outcome="Passed" testListId="8c84fa94-04c1-424b-9868-57a2d4851a1d" relativeResultsDirectory="83c19d9e-7fc8-4d00-8a52-32ffceb70801" />
    <UnitTestResult executionId="4beaae4a-ab62-4dea-8f2d-a2522d3f6e2b" testId="96acd11c-bdab-3403-e9de-069b9116b075" testName="Quotes.Tests.Unit.RefreshTokenServiceTests.RefreshTokenAsync_TokenExpired_ShouldReturnError" computerName="LAPTOP-BCA0MQ7G" duration="00:00:00.0501933" startTime="2026-08-22T12:48:47.6436299+05:30" endTime="2026-08-22T12:48:47.6932652+05:30" testType="13cdc9d9-ddb5-4fa4-a97d-d965ccfc6d4b" outcome="Passed" testListId="8c84fa94-04c1-424b-9868-57a2d4851a1d" relativeResultsDirectory="4beaae4a-ab62-4dea-8f2d-a2522d3f6e2b" />
    <UnitTestResult executionId="5433097c-1268-411a-b152-2ce05d23fe2e" testId="e4f46bfc-09b0-b25e-8287-68e59dcf18fd" testName="Quotes.Tests.Unit.CreateQuoteRequestValidatorTests.Validate_ValidRequest_ShouldBeValid" computerName="LAPTOP-BCA0MQ7G" duration="00:00:00.0050197" startTime="2026-08-22T12:48:46.7398734+05:30" endTime="2026-08-22T12:48:46.7417228+05:30" testType="13cdc9d9-ddb5-4fa4-a97d-d965ccfc6d4b" outcome="Passed" testListId="8c84fa94-04c1-424b-9868-57a2d4851a1d" relativeResultsDirectory="5433097c-1268-411a-b152-2ce05d23fe2e" />
    <UnitTestResult executionId="86c94158-0fc3-4980-9d79-400af5255f15" testId="8583abe6-63b4-75fb-bcda-847c7d901ba2" testName="Quotes.Tests.Unit.CreateQuoteRequestValidatorTests.Validate_EmptyOrWhitespaceText_ShouldHaveTextRequiredError(invalidText: &quot;  &quot;)" computerName="LAPTOP-BCA0MQ7G" duration="00:00:00.0002160" startTime="2026-08-22T12:48:46.7328432+05:30" endTime="2026-08-22T12:48:46.7329478+05:30" testType="13cdc9d9-ddb5-4fa4-a97d-d965ccfc6d4b" outcome="Passed" testListId="8c84fa94-04c1-424b-9868-57a2d4851a1d" relativeResultsDirectory="86c94158-0fc3-4980-9d79-400af5255f15" />
    <UnitTestResult executionId="38149f85-7aab-48b0-9ea0-f514eef1eaf2" testId="2efa598f-35bd-ab3e-8ded-1c12381b89d3" testName="Quotes.Tests.Unit.CollectionTests.Constructor_ValidArguments_ShouldInitializeProperties" computerName="LAPTOP-BCA0MQ7G" duration="00:00:00.0035571" startTime="2026-08-22T12:48:46.7394546+05:30" endTime="2026-08-22T12:48:46.7406459+05:30" testType="13cdc9d9-ddb5-4fa4-a97d-d965ccfc6d4b" outcome="Passed" testListId="8c84fa94-04c1-424b-9868-57a2d4851a1d" relativeResultsDirectory="38149f85-7aab-48b0-9ea0-f514eef1eaf2" />
    <UnitTestResult executionId="ba2e4d22-e85d-4838-af1b-6c267a7b654a" testId="20d15335-f242-cf04-3573-e494a594478b" testName="Quotes.Tests.Unit.CreateQuoteRequestValidatorTests.Validate_TextTooLong_ShouldHaveTextLengthError" computerName="LAPTOP-BCA0MQ7G" duration="00:00:00.0003888" startTime="2026-08-22T12:48:46.7387402+05:30" endTime="2026-08-22T12:48:46.7396503+05:30" testType="13cdc9d9-ddb5-4fa4-a97d-d965ccfc6d4b" outcome="Passed" testListId="8c84fa94-04c1-424b-9868-57a2d4851a1d" relativeResultsDirectory="ba2e4d22-e85d-4838-af1b-6c267a7b654a" />
    <UnitTestResult executionId="a23c8130-58f7-4093-849f-50fb9e71bf00" testId="a2b58599-d01a-8b5e-7129-35d679f49a01" testName="Quotes.Tests.Unit.RefreshTokenServiceTests.RefreshTokenAsync_NullOrEmptyToken_ShouldReturnError(invalidToken: null)" computerName="LAPTOP-BCA0MQ7G" duration="00:00:00.0001719" startTime="2026-08-22T12:48:47.6956138+05:30" endTime="2026-08-22T12:48:47.6956986+05:30" testType="13cdc9d9-ddb5-4fa4-a97d-d965ccfc6d4b" outcome="Passed" testListId="8c84fa94-04c1-424b-9868-57a2d4851a1d" relativeResultsDirectory="a23c8130-58f7-4093-849f-50fb9e71bf00" />
    <UnitTestResult executionId="b2d3a4b4-73bd-41fa-9a29-d33c63950d80" testId="8fd71d06-4362-1151-0f7a-82cddf861de5" testName="Quotes.Tests.Unit.CollectionTests.SetName_EmptyOrWhitespaceName_ShouldThrowArgumentException(invalidName: &quot;   &quot;)" computerName="LAPTOP-BCA0MQ7G" duration="00:00:00.0006872" startTime="2026-08-22T12:48:46.7429386+05:30" endTime="2026-08-22T12:48:46.7441905+05:30" testType="13cdc9d9-ddb5-4fa4-a97d-d965ccfc6d4b" outcome="Passed" testListId="8c84fa94-04c1-424b-9868-57a2d4851a1d" relativeResultsDirectory="b2d3a4b4-73bd-41fa-9a29-d33c63950d80" />
    <UnitTestResult executionId="3bbb8e7e-e723-4db4-a232-4a8e98e98a03" testId="705c00e6-4bea-3d0b-f465-1b4538acc8a7" testName="Quotes.Tests.Unit.QuoteTests.Create_EmptyOrWhitespaceAuthor_ShouldThrowArgumentException(invalidAuthor: &quot;&quot;)" computerName="LAPTOP-BCA0MQ7G" duration="00:00:00.0006988" startTime="2026-08-22T12:48:46.7422506+05:30" endTime="2026-08-22T12:48:46.7431322+05:30" testType="13cdc9d9-ddb5-4fa4-a97d-d965ccfc6d4b" outcome="Passed" testListId="8c84fa94-04c1-424b-9868-57a2d4851a1d" relativeResultsDirectory="3bbb8e7e-e723-4db4-a232-4a8e98e98a03" />
    <UnitTestResult executionId="8985e544-517e-4916-a73a-db27366bc1a4" testId="5ab080aa-5aa7-4da4-d708-c2f267cd252f" testName="Quotes.Tests.Unit.CreateQuoteRequestValidatorTests.Validate_EmptyOrWhitespaceAuthor_ShouldHaveAuthorRequiredError(invalidAuthor: null)" computerName="LAPTOP-BCA0MQ7G" duration="00:00:00.0003255" startTime="2026-08-22T12:48:46.7299940+05:30" endTime="2026-08-22T12:48:46.7301214+05:30" testType="13cdc9d9-ddb5-4fa4-a97d-d965ccfc6d4b" outcome="Passed" testListId="8c84fa94-04c1-424b-9868-57a2d4851a1d" relativeResultsDirectory="8985e544-517e-4916-a73a-db27366bc1a4" />
    <UnitTestResult executionId="94df2e88-33ae-4732-b001-5063c9b89ed5" testId="d5a8f383-de34-2f3f-9142-f7bf12a1c682" testName="Quotes.Tests.Unit.CreateQuoteRequestValidatorTests.Validate_TextTooShort_ShouldHaveTextLengthError" computerName="LAPTOP-BCA0MQ7G" duration="00:00:00.0003750" startTime="2026-08-22T12:48:46.7437467+05:30" endTime="2026-08-22T12:48:46.7438634+05:30" testType="13cdc9d9-ddb5-4fa4-a97d-d965ccfc6d4b" outcome="Passed" testListId="8c84fa94-04c1-424b-9868-57a2d4851a1d" relativeResultsDirectory="94df2e88-33ae-4732-b001-5063c9b89ed5" />
    <UnitTestResult executionId="bf9b4cf2-2cbc-4593-af91-ad24901931f1" testId="e115700d-78a2-5da8-6518-e45a4f6506c4" testName="Quotes.Tests.Unit.QuoteTests.Create_EmptyOrWhitespaceText_ShouldThrowArgumentException(invalidText: null)" computerName="LAPTOP-BCA0MQ7G" duration="00:00:00.0005151" startTime="2026-08-22T12:48:46.7401450+05:30" endTime="2026-08-22T12:48:46.7402132+05:30" testType="13cdc9d9-ddb5-4fa4-a97d-d965ccfc6d4b" outcome="Passed" testListId="8c84fa94-04c1-424b-9868-57a2d4851a1d" relativeResultsDirectory="bf9b4cf2-2cbc-4593-af91-ad24901931f1" />
    <UnitTestResult executionId="c88d411b-d28f-44a9-82fc-3ea2f0ddc115" testId="c5a90bc1-e7c3-a4ad-b7c0-7a6a3c84aa31" testName="Quotes.Tests.Unit.RefreshTokenServiceTests.RefreshTokenAsync_UserNotFound_ShouldReturnError" computerName="LAPTOP-BCA0MQ7G" duration="00:00:01.7492420" startTime="2026-08-22T12:48:45.8979659+05:30" endTime="2026-08-22T12:48:47.6433874+05:30" testType="13cdc9d9-ddb5-4fa4-a97d-d965ccfc6d4b" outcome="Passed" testListId="8c84fa94-04c1-424b-9868-57a2d4851a1d" relativeResultsDirectory="c88d411b-d28f-44a9-82fc-3ea2f0ddc115" />
  </Results>
  <TestDefinitions>
    <UnitTest name="Quotes.Tests.Unit.CollectionTests.AddItem_OverFiftyItems_ShouldThrowInvalidOperationException" storage="c:\pj\thinkbridge\thinkschool\quotes.tests.unit\bin\debug\net10.0\quotes.tests.unit.dll" id="2204beb1-5c43-0544-bd9f-9e5b481eaa6e">
      <Execution id="9106481d-629f-4814-a4cb-4b05f422282d" />
      <TestMethod codeBase="C:\pj\Thinkbridge\ThinkSchool\Quotes.Tests.Unit\bin\Debug\net10.0\Quotes.Tests.Unit.dll" adapterTypeName="executor://xunit/VsTestRunner3/netcore/" className="Quotes.Tests.Unit.CollectionTests" name="AddItem_OverFiftyItems_ShouldThrowInvalidOperationException" />
    </UnitTest>
    <UnitTest name="Quotes.Tests.Unit.CreateQuoteRequestValidatorTests.Validate_EmptyOrWhitespaceAuthor_ShouldHaveAuthorRequiredError(invalidAuthor: &quot;  &quot;)" storage="c:\pj\thinkbridge\thinkschool\quotes.tests.unit\bin\debug\net10.0\quotes.tests.unit.dll" id="424e48f6-7b69-0dc7-e919-45efe4bcf166">
      <Execution id="1b517aaf-32dd-49f5-b030-d3019563d2ea" />
      <TestMethod codeBase="C:\pj\Thinkbridge\ThinkSchool\Quotes.Tests.Unit\bin\Debug\net10.0\Quotes.Tests.Unit.dll" adapterTypeName="executor://xunit/VsTestRunner3/netcore/" className="Quotes.Tests.Unit.CreateQuoteRequestValidatorTests" name="Validate_EmptyOrWhitespaceAuthor_ShouldHaveAuthorRequiredError" />
    </UnitTest>
    <UnitTest name="Quotes.Tests.Unit.QuoteTests.Create_TextTooShort_ShouldThrowArgumentException" storage="c:\pj\thinkbridge\thinkschool\quotes.tests.unit\bin\debug\net10.0\quotes.tests.unit.dll" id="d4f70717-294d-270a-481f-d8aeb320f3fc">
      <Execution id="e9de4491-607d-416a-94d7-b6136b147838" />
      <TestMethod codeBase="C:\pj\Thinkbridge\ThinkSchool\Quotes.Tests.Unit\bin\Debug\net10.0\Quotes.Tests.Unit.dll" adapterTypeName="executor://xunit/VsTestRunner3/netcore/" className="Quotes.Tests.Unit.QuoteTests" name="Create_TextTooShort_ShouldThrowArgumentException" />
    </UnitTest>
    <UnitTest name="Quotes.Tests.Unit.CreateQuoteRequestValidatorTests.Validate_TextTooLong_ShouldHaveTextLengthError" storage="c:\pj\thinkbridge\thinkschool\quotes.tests.unit\bin\debug\net10.0\quotes.tests.unit.dll" id="20d15335-f242-cf04-3573-e494a594478b">
      <Execution id="ba2e4d22-e85d-4838-af1b-6c267a7b654a" />
      <TestMethod codeBase="C:\pj\Thinkbridge\ThinkSchool\Quotes.Tests.Unit\bin\Debug\net10.0\Quotes.Tests.Unit.dll" adapterTypeName="executor://xunit/VsTestRunner3/netcore/" className="Quotes.Tests.Unit.CreateQuoteRequestValidatorTests" name="Validate_TextTooLong_ShouldHaveTextLengthError" />
    </UnitTest>
    <UnitTest name="Quotes.Tests.Unit.QuoteTests.Create_EmptyOrWhitespaceText_ShouldThrowArgumentException(invalidText: &quot;   &quot;)" storage="c:\pj\thinkbridge\thinkschool\quotes.tests.unit\bin\debug\net10.0\quotes.tests.unit.dll" id="1d1dc2b3-4075-ace9-3c3a-69da4ac5dc7c">
      <Execution id="826f83bb-0018-4e56-9746-d4765d2a4251" />
      <TestMethod codeBase="C:\pj\Thinkbridge\ThinkSchool\Quotes.Tests.Unit\bin\Debug\net10.0\Quotes.Tests.Unit.dll" adapterTypeName="executor://xunit/VsTestRunner3/netcore/" className="Quotes.Tests.Unit.QuoteTests" name="Create_EmptyOrWhitespaceText_ShouldThrowArgumentException" />
    </UnitTest>
    <UnitTest name="Quotes.Tests.Unit.QuoteTests.Create_TextTooLong_ShouldThrowArgumentException" storage="c:\pj\thinkbridge\thinkschool\quotes.tests.unit\bin\debug\net10.0\quotes.tests.unit.dll" id="aa94dbea-e5a7-22a8-621d-e9a741729b97">
      <Execution id="e7ad6ed3-399b-4616-a3bc-0276286d0d55" />
      <TestMethod codeBase="C:\pj\Thinkbridge\ThinkSchool\Quotes.Tests.Unit\bin\Debug\net10.0\Quotes.Tests.Unit.dll" adapterTypeName="executor://xunit/VsTestRunner3/netcore/" className="Quotes.Tests.Unit.QuoteTests" name="Create_TextTooLong_ShouldThrowArgumentException" />
    </UnitTest>
    <UnitTest name="Quotes.Tests.Unit.CollectionTests.AddAndRemoveItem_ValidQuoteId_ShouldLeaveItemsEmpty" storage="c:\pj\thinkbridge\thinkschool\quotes.tests.unit\bin\debug\net10.0\quotes.tests.unit.dll" id="33811944-3b41-af49-0521-0ab36fa80da1">
      <Execution id="deb3cd29-2c18-49e4-80d2-a645fe65a725" />
      <TestMethod codeBase="C:\pj\Thinkbridge\ThinkSchool\Quotes.Tests.Unit\bin\Debug\net10.0\Quotes.Tests.Unit.dll" adapterTypeName="executor://xunit/VsTestRunner3/netcore/" className="Quotes.Tests.Unit.CollectionTests" name="AddAndRemoveItem_ValidQuoteId_ShouldLeaveItemsEmpty" />
    </UnitTest>
    <UnitTest name="Quotes.Tests.Unit.CollectionTests.SetName_EmptyOrWhitespaceName_ShouldThrowArgumentException(invalidName: &quot;   &quot;)" storage="c:\pj\thinkbridge\thinkschool\quotes.tests.unit\bin\debug\net10.0\quotes.tests.unit.dll" id="8fd71d06-4362-1151-0f7a-82cddf861de5">
      <Execution id="b2d3a4b4-73bd-41fa-9a29-d33c63950d80" />
      <TestMethod codeBase="C:\pj\Thinkbridge\ThinkSchool\Quotes.Tests.Unit\bin\Debug\net10.0\Quotes.Tests.Unit.dll" adapterTypeName="executor://xunit/VsTestRunner3/netcore/" className="Quotes.Tests.Unit.CollectionTests" name="SetName_EmptyOrWhitespaceName_ShouldThrowArgumentException" />
    </UnitTest>
    <UnitTest name="Quotes.Tests.Unit.QuoteTests.Create_EmptyOrWhitespaceAuthor_ShouldThrowArgumentException(invalidAuthor: null)" storage="c:\pj\thinkbridge\thinkschool\quotes.tests.unit\bin\debug\net10.0\quotes.tests.unit.dll" id="f78cf6eb-a20c-f063-9cd8-52ef6263df29">
      <Execution id="88b15a6d-2b25-4f93-aeb1-f2d0aa121e89" />
      <TestMethod codeBase="C:\pj\Thinkbridge\ThinkSchool\Quotes.Tests.Unit\bin\Debug\net10.0\Quotes.Tests.Unit.dll" adapterTypeName="executor://xunit/VsTestRunner3/netcore/" className="Quotes.Tests.Unit.QuoteTests" name="Create_EmptyOrWhitespaceAuthor_ShouldThrowArgumentException" />
    </UnitTest>
    <UnitTest name="Quotes.Tests.Unit.CreateQuoteRequestValidatorTests.Validate_TextTooShort_ShouldHaveTextLengthError" storage="c:\pj\thinkbridge\thinkschool\quotes.tests.unit\bin\debug\net10.0\quotes.tests.unit.dll" id="d5a8f383-de34-2f3f-9142-f7bf12a1c682">
      <Execution id="94df2e88-33ae-4732-b001-5063c9b89ed5" />
      <TestMethod codeBase="C:\pj\Thinkbridge\ThinkSchool\Quotes.Tests.Unit\bin\Debug\net10.0\Quotes.Tests.Unit.dll" adapterTypeName="executor://xunit/VsTestRunner3/netcore/" className="Quotes.Tests.Unit.CreateQuoteRequestValidatorTests" name="Validate_TextTooShort_ShouldHaveTextLengthError" />
    </UnitTest>
    <UnitTest name="Quotes.Tests.Unit.CollectionTests.SetName_EmptyOrWhitespaceName_ShouldThrowArgumentException(invalidName: null)" storage="c:\pj\thinkbridge\thinkschool\quotes.tests.unit\bin\debug\net10.0\quotes.tests.unit.dll" id="6420b495-e259-3e83-161b-5c8db8f89958">
      <Execution id="f98ef996-da00-4f82-87d6-a93f574c8cd8" />
      <TestMethod codeBase="C:\pj\Thinkbridge\ThinkSchool\Quotes.Tests.Unit\bin\Debug\net10.0\Quotes.Tests.Unit.dll" adapterTypeName="executor://xunit/VsTestRunner3/netcore/" className="Quotes.Tests.Unit.CollectionTests" name="SetName_EmptyOrWhitespaceName_ShouldThrowArgumentException" />
    </UnitTest>
    <UnitTest name="Quotes.Tests.Unit.QuoteLoggerTests.LogQuoteCreation_ValidArguments_ShouldInvokeClockAndLogCorrectMessage" storage="c:\pj\thinkbridge\thinkschool\quotes.tests.unit\bin\debug\net10.0\quotes.tests.unit.dll" id="3a39fb0e-9e0e-125a-1bea-d0b59c1b202d">
      <Execution id="b9a33cff-494b-442a-8935-9592366b7803" />
      <TestMethod codeBase="C:\pj\Thinkbridge\ThinkSchool\Quotes.Tests.Unit\bin\Debug\net10.0\Quotes.Tests.Unit.dll" adapterTypeName="executor://xunit/VsTestRunner3/netcore/" className="Quotes.Tests.Unit.QuoteLoggerTests" name="LogQuoteCreation_ValidArguments_ShouldInvokeClockAndLogCorrectMessage" />
    </UnitTest>
    <UnitTest name="Quotes.Tests.Unit.CollectionTests.Constructor_ValidArguments_ShouldInitializeProperties" storage="c:\pj\thinkbridge\thinkschool\quotes.tests.unit\bin\debug\net10.0\quotes.tests.unit.dll" id="2efa598f-35bd-ab3e-8ded-1c12381b89d3">
      <Execution id="38149f85-7aab-48b0-9ea0-f514eef1eaf2" />
      <TestMethod codeBase="C:\pj\Thinkbridge\ThinkSchool\Quotes.Tests.Unit\bin\Debug\net10.0\Quotes.Tests.Unit.dll" adapterTypeName="executor://xunit/VsTestRunner3/netcore/" className="Quotes.Tests.Unit.CollectionTests" name="Constructor_ValidArguments_ShouldInitializeProperties" />
    </UnitTest>
    <UnitTest name="Quotes.Tests.Unit.CreateQuoteRequestValidatorTests.Validate_EmptyOrWhitespaceAuthor_ShouldHaveAuthorRequiredError(invalidAuthor: &quot;&quot;)" storage="c:\pj\thinkbridge\thinkschool\quotes.tests.unit\bin\debug\net10.0\quotes.tests.unit.dll" id="f457da7c-4fad-ee78-8982-4f582b7db7d4">
      <Execution id="05a58d8d-3c92-4ef5-ba3f-de0ae249bba4" />
      <TestMethod codeBase="C:\pj\Thinkbridge\ThinkSchool\Quotes.Tests.Unit\bin\Debug\net10.0\Quotes.Tests.Unit.dll" adapterTypeName="executor://xunit/VsTestRunner3/netcore/" className="Quotes.Tests.Unit.CreateQuoteRequestValidatorTests" name="Validate_EmptyOrWhitespaceAuthor_ShouldHaveAuthorRequiredError" />
    </UnitTest>
    <UnitTest name="Quotes.Tests.Unit.RefreshTokenServiceTests.RefreshTokenAsync_TokenAlreadyRevoked_ShouldTriggerReuseDetectionAndRevokeFamily" storage="c:\pj\thinkbridge\thinkschool\quotes.tests.unit\bin\debug\net10.0\quotes.tests.unit.dll" id="eef9b82d-77be-20cc-87fc-dd6fb9fdfce9">
      <Execution id="95986253-80d3-4f75-a792-8a37a4a7f37d" />
      <TestMethod codeBase="C:\pj\Thinkbridge\ThinkSchool\Quotes.Tests.Unit\bin\Debug\net10.0\Quotes.Tests.Unit.dll" adapterTypeName="executor://xunit/VsTestRunner3/netcore/" className="Quotes.Tests.Unit.RefreshTokenServiceTests" name="RefreshTokenAsync_TokenAlreadyRevoked_ShouldTriggerReuseDetectionAndRevokeFamily" />
    </UnitTest>
    <UnitTest name="Quotes.Tests.Unit.RefreshTokenServiceTests.RefreshTokenAsync_NullOrEmptyToken_ShouldReturnError(invalidToken: null)" storage="c:\pj\thinkbridge\thinkschool\quotes.tests.unit\bin\debug\net10.0\quotes.tests.unit.dll" id="a2b58599-d01a-8b5e-7129-35d679f49a01">
      <Execution id="a23c8130-58f7-4093-849f-50fb9e71bf00" />
      <TestMethod codeBase="C:\pj\Thinkbridge\ThinkSchool\Quotes.Tests.Unit\bin\Debug\net10.0\Quotes.Tests.Unit.dll" adapterTypeName="executor://xunit/VsTestRunner3/netcore/" className="Quotes.Tests.Unit.RefreshTokenServiceTests" name="RefreshTokenAsync_NullOrEmptyToken_ShouldReturnError" />
    </UnitTest>
    <UnitTest name="Quotes.Tests.Unit.CollectionTests.AddItem_DuplicateQuoteId_ShouldThrowInvalidOperationException" storage="c:\pj\thinkbridge\thinkschool\quotes.tests.unit\bin\debug\net10.0\quotes.tests.unit.dll" id="6309349c-e86f-e9fa-7131-010fa3bf2125">
      <Execution id="a9f2ba98-fefe-4cf5-ba10-1fd45e66e77e" />
      <TestMethod codeBase="C:\pj\Thinkbridge\ThinkSchool\Quotes.Tests.Unit\bin\Debug\net10.0\Quotes.Tests.Unit.dll" adapterTypeName="executor://xunit/VsTestRunner3/netcore/" className="Quotes.Tests.Unit.CollectionTests" name="AddItem_DuplicateQuoteId_ShouldThrowInvalidOperationException" />
    </UnitTest>
    <UnitTest name="Quotes.Tests.Unit.RefreshTokenServiceTests.RefreshTokenAsync_TokenNotFoundInDb_ShouldReturnError" storage="c:\pj\thinkbridge\thinkschool\quotes.tests.unit\bin\debug\net10.0\quotes.tests.unit.dll" id="ff463047-a9c8-4d22-8656-89a78ca1507a">
      <Execution id="ec0f0c6d-6f99-4836-87a8-63188ace6731" />
      <TestMethod codeBase="C:\pj\Thinkbridge\ThinkSchool\Quotes.Tests.Unit\bin\Debug\net10.0\Quotes.Tests.Unit.dll" adapterTypeName="executor://xunit/VsTestRunner3/netcore/" className="Quotes.Tests.Unit.RefreshTokenServiceTests" name="RefreshTokenAsync_TokenNotFoundInDb_ShouldReturnError" />
    </UnitTest>
    <UnitTest name="Quotes.Tests.Unit.RefreshTokenServiceTests.RefreshTokenAsync_TokenExpired_ShouldReturnError" storage="c:\pj\thinkbridge\thinkschool\quotes.tests.unit\bin\debug\net10.0\quotes.tests.unit.dll" id="96acd11c-bdab-3403-e9de-069b9116b075">
      <Execution id="4beaae4a-ab62-4dea-8f2d-a2522d3f6e2b" />
      <TestMethod codeBase="C:\pj\Thinkbridge\ThinkSchool\Quotes.Tests.Unit\bin\Debug\net10.0\Quotes.Tests.Unit.dll" adapterTypeName="executor://xunit/VsTestRunner3/netcore/" className="Quotes.Tests.Unit.RefreshTokenServiceTests" name="RefreshTokenAsync_TokenExpired_ShouldReturnError" />
    </UnitTest>
    <UnitTest name="Quotes.Tests.Unit.CollectionTests.RemoveItem_NonExistentQuoteId_ShouldThrowInvalidOperationException" storage="c:\pj\thinkbridge\thinkschool\quotes.tests.unit\bin\debug\net10.0\quotes.tests.unit.dll" id="4b3f9805-b244-f30e-7134-940d2b842506">
      <Execution id="83c19d9e-7fc8-4d00-8a52-32ffceb70801" />
      <TestMethod codeBase="C:\pj\Thinkbridge\ThinkSchool\Quotes.Tests.Unit\bin\Debug\net10.0\Quotes.Tests.Unit.dll" adapterTypeName="executor://xunit/VsTestRunner3/netcore/" className="Quotes.Tests.Unit.CollectionTests" name="RemoveItem_NonExistentQuoteId_ShouldThrowInvalidOperationException" />
    </UnitTest>
    <UnitTest name="Quotes.Tests.Unit.QuoteTests.Create_AuthorTooLong_ShouldThrowArgumentException" storage="c:\pj\thinkbridge\thinkschool\quotes.tests.unit\bin\debug\net10.0\quotes.tests.unit.dll" id="253da96d-7bdb-96dd-4145-0c856b44291a">
      <Execution id="1bcc9d56-84f3-46c0-823e-7903bb1750b4" />
      <TestMethod codeBase="C:\pj\Thinkbridge\ThinkSchool\Quotes.Tests.Unit\bin\Debug\net10.0\Quotes.Tests.Unit.dll" adapterTypeName="executor://xunit/VsTestRunner3/netcore/" className="Quotes.Tests.Unit.QuoteTests" name="Create_AuthorTooLong_ShouldThrowArgumentException" />
    </UnitTest>
    <UnitTest name="Quotes.Tests.Unit.RefreshTokenServiceTests.RefreshTokenAsync_NullOrEmptyToken_ShouldReturnError(invalidToken: &quot;&quot;)" storage="c:\pj\thinkbridge\thinkschool\quotes.tests.unit\bin\debug\net10.0\quotes.tests.unit.dll" id="81e837d2-5f2a-40a2-c8cf-37ea3a2e8405">
      <Execution id="e2ac2c6f-4292-49be-9c5f-caf211090513" />
      <TestMethod codeBase="C:\pj\Thinkbridge\ThinkSchool\Quotes.Tests.Unit\bin\Debug\net10.0\Quotes.Tests.Unit.dll" adapterTypeName="executor://xunit/VsTestRunner3/netcore/" className="Quotes.Tests.Unit.RefreshTokenServiceTests" name="RefreshTokenAsync_NullOrEmptyToken_ShouldReturnError" />
    </UnitTest>
    <UnitTest name="Quotes.Tests.Unit.QuoteTests.Create_EmptyOrWhitespaceText_ShouldThrowArgumentException(invalidText: null)" storage="c:\pj\thinkbridge\thinkschool\quotes.tests.unit\bin\debug\net10.0\quotes.tests.unit.dll" id="e115700d-78a2-5da8-6518-e45a4f6506c4">
      <Execution id="bf9b4cf2-2cbc-4593-af91-ad24901931f1" />
      <TestMethod codeBase="C:\pj\Thinkbridge\ThinkSchool\Quotes.Tests.Unit\bin\Debug\net10.0\Quotes.Tests.Unit.dll" adapterTypeName="executor://xunit/VsTestRunner3/netcore/" className="Quotes.Tests.Unit.QuoteTests" name="Create_EmptyOrWhitespaceText_ShouldThrowArgumentException" />
    </UnitTest>
    <UnitTest name="Quotes.Tests.Unit.QuoteTests.Create_EmptyOrWhitespaceAuthor_ShouldThrowArgumentException(invalidAuthor: &quot;   &quot;)" storage="c:\pj\thinkbridge\thinkschool\quotes.tests.unit\bin\debug\net10.0\quotes.tests.unit.dll" id="e9b440e3-4623-19d9-8c7d-2cc4cdd7a9b1">
      <Execution id="00a1d4e2-fa4f-45b6-84c2-3d73e982d43f" />
      <TestMethod codeBase="C:\pj\Thinkbridge\ThinkSchool\Quotes.Tests.Unit\bin\Debug\net10.0\Quotes.Tests.Unit.dll" adapterTypeName="executor://xunit/VsTestRunner3/netcore/" className="Quotes.Tests.Unit.QuoteTests" name="Create_EmptyOrWhitespaceAuthor_ShouldThrowArgumentException" />
    </UnitTest>
    <UnitTest name="Quotes.Tests.Unit.CollectionTests.SetName_TooShortName_ShouldThrowArgumentException" storage="c:\pj\thinkbridge\thinkschool\quotes.tests.unit\bin\debug\net10.0\quotes.tests.unit.dll" id="8ee694a2-158a-6b45-2791-fad7f2f51ba5">
      <Execution id="00d116d1-5031-46d8-be60-d996afd32761" />
      <TestMethod codeBase="C:\pj\Thinkbridge\ThinkSchool\Quotes.Tests.Unit\bin\Debug\net10.0\Quotes.Tests.Unit.dll" adapterTypeName="executor://xunit/VsTestRunner3/netcore/" className="Quotes.Tests.Unit.CollectionTests" name="SetName_TooShortName_ShouldThrowArgumentException" />
    </UnitTest>
    <UnitTest name="Quotes.Tests.Unit.CreateQuoteRequestValidatorTests.Validate_EmptyOrWhitespaceText_ShouldHaveTextRequiredError(invalidText: &quot;&quot;)" storage="c:\pj\thinkbridge\thinkschool\quotes.tests.unit\bin\debug\net10.0\quotes.tests.unit.dll" id="05e4efd7-a1fa-5539-3cc6-5cee58271dcd">
      <Execution id="538f81e7-7cc8-4c45-8a5d-779393692844" />
      <TestMethod codeBase="C:\pj\Thinkbridge\ThinkSchool\Quotes.Tests.Unit\bin\Debug\net10.0\Quotes.Tests.Unit.dll" adapterTypeName="executor://xunit/VsTestRunner3/netcore/" className="Quotes.Tests.Unit.CreateQuoteRequestValidatorTests" name="Validate_EmptyOrWhitespaceText_ShouldHaveTextRequiredError" />
    </UnitTest>
    <UnitTest name="Quotes.Tests.Unit.QuoteTests.Create_AuthorTooShort_ShouldThrowArgumentException" storage="c:\pj\thinkbridge\thinkschool\quotes.tests.unit\bin\debug\net10.0\quotes.tests.unit.dll" id="53773d91-5971-d6b0-bff3-cd020a017f58">
      <Execution id="62f81b35-28d5-4711-815a-f32b4f9514bf" />
      <TestMethod codeBase="C:\pj\Thinkbridge\ThinkSchool\Quotes.Tests.Unit\bin\Debug\net10.0\Quotes.Tests.Unit.dll" adapterTypeName="executor://xunit/VsTestRunner3/netcore/" className="Quotes.Tests.Unit.QuoteTests" name="Create_AuthorTooShort_ShouldThrowArgumentException" />
    </UnitTest>
    <UnitTest name="Quotes.Tests.Unit.QuoteTests.Create_EmptyOrWhitespaceAuthor_ShouldThrowArgumentException(invalidAuthor: &quot;&quot;)" storage="c:\pj\thinkbridge\thinkschool\quotes.tests.unit\bin\debug\net10.0\quotes.tests.unit.dll" id="705c00e6-4bea-3d0b-f465-1b4538acc8a7">
      <Execution id="3bbb8e7e-e723-4db4-a232-4a8e98e98a03" />
      <TestMethod codeBase="C:\pj\Thinkbridge\ThinkSchool\Quotes.Tests.Unit\bin\Debug\net10.0\Quotes.Tests.Unit.dll" adapterTypeName="executor://xunit/VsTestRunner3/netcore/" className="Quotes.Tests.Unit.QuoteTests" name="Create_EmptyOrWhitespaceAuthor_ShouldThrowArgumentException" />
    </UnitTest>
    <UnitTest name="Quotes.Tests.Unit.CreateQuoteRequestValidatorTests.Validate_ValidRequest_ShouldBeValid" storage="c:\pj\thinkbridge\thinkschool\quotes.tests.unit\bin\debug\net10.0\quotes.tests.unit.dll" id="e4f46bfc-09b0-b25e-8287-68e59dcf18fd">
      <Execution id="5433097c-1268-411a-b152-2ce05d23fe2e" />
      <TestMethod codeBase="C:\pj\Thinkbridge\ThinkSchool\Quotes.Tests.Unit\bin\Debug\net10.0\Quotes.Tests.Unit.dll" adapterTypeName="executor://xunit/VsTestRunner3/netcore/" className="Quotes.Tests.Unit.CreateQuoteRequestValidatorTests" name="Validate_ValidRequest_ShouldBeValid" />
    </UnitTest>
    <UnitTest name="Quotes.Tests.Unit.CollectionTests.SetName_EmptyOrWhitespaceName_ShouldThrowArgumentException(invalidName: &quot;&quot;)" storage="c:\pj\thinkbridge\thinkschool\quotes.tests.unit\bin\debug\net10.0\quotes.tests.unit.dll" id="bfad2a16-e9a2-5dc7-c6ae-4b05f8a33d32">
      <Execution id="1e981e49-2504-4055-9da8-5a133e2ae823" />
      <TestMethod codeBase="C:\pj\Thinkbridge\ThinkSchool\Quotes.Tests.Unit\bin\Debug\net10.0\Quotes.Tests.Unit.dll" adapterTypeName="executor://xunit/VsTestRunner3/netcore/" className="Quotes.Tests.Unit.CollectionTests" name="SetName_EmptyOrWhitespaceName_ShouldThrowArgumentException" />
    </UnitTest>
    <UnitTest name="Quotes.Tests.Unit.CollectionTests.SetName_TooLongName_ShouldThrowArgumentException" storage="c:\pj\thinkbridge\thinkschool\quotes.tests.unit\bin\debug\net10.0\quotes.tests.unit.dll" id="2387080a-a704-4fc5-598c-b8ca19d8de01">
      <Execution id="4fdf5c07-8ec2-4ac6-afe0-ac45cd211855" />
      <TestMethod codeBase="C:\pj\Thinkbridge\ThinkSchool\Quotes.Tests.Unit\bin\Debug\net10.0\Quotes.Tests.Unit.dll" adapterTypeName="executor://xunit/VsTestRunner3/netcore/" className="Quotes.Tests.Unit.CollectionTests" name="SetName_TooLongName_ShouldThrowArgumentException" />
    </UnitTest>
    <UnitTest name="Quotes.Tests.Unit.QuoteTests.Create_EmptyOrWhitespaceText_ShouldThrowArgumentException(invalidText: &quot;&quot;)" storage="c:\pj\thinkbridge\thinkschool\quotes.tests.unit\bin\debug\net10.0\quotes.tests.unit.dll" id="49194d59-0aa1-9cb9-324b-78a4933d009f">
      <Execution id="6ddf00d7-2dcd-4480-b6eb-e2f4f7996187" />
      <TestMethod codeBase="C:\pj\Thinkbridge\ThinkSchool\Quotes.Tests.Unit\bin\Debug\net10.0\Quotes.Tests.Unit.dll" adapterTypeName="executor://xunit/VsTestRunner3/netcore/" className="Quotes.Tests.Unit.QuoteTests" name="Create_EmptyOrWhitespaceText_ShouldThrowArgumentException" />
    </UnitTest>
    <UnitTest name="Quotes.Tests.Unit.CreateQuoteRequestValidatorTests.Validate_EmptyOrWhitespaceAuthor_ShouldHaveAuthorRequiredError(invalidAuthor: null)" storage="c:\pj\thinkbridge\thinkschool\quotes.tests.unit\bin\debug\net10.0\quotes.tests.unit.dll" id="5ab080aa-5aa7-4da4-d708-c2f267cd252f">
      <Execution id="8985e544-517e-4916-a73a-db27366bc1a4" />
      <TestMethod codeBase="C:\pj\Thinkbridge\ThinkSchool\Quotes.Tests.Unit\bin\Debug\net10.0\Quotes.Tests.Unit.dll" adapterTypeName="executor://xunit/VsTestRunner3/netcore/" className="Quotes.Tests.Unit.CreateQuoteRequestValidatorTests" name="Validate_EmptyOrWhitespaceAuthor_ShouldHaveAuthorRequiredError" />
    </UnitTest>
    <UnitTest name="Quotes.Tests.Unit.CreateQuoteRequestValidatorTests.Validate_AuthorTooLong_ShouldHaveAuthorLengthError" storage="c:\pj\thinkbridge\thinkschool\quotes.tests.unit\bin\debug\net10.0\quotes.tests.unit.dll" id="afe3fbe8-3b10-c7d7-8ab8-e4d7f8f57da3">
      <Execution id="68bd4c1b-70e1-4459-9c3e-ed4f14cdc718" />
      <TestMethod codeBase="C:\pj\Thinkbridge\ThinkSchool\Quotes.Tests.Unit\bin\Debug\net10.0\Quotes.Tests.Unit.dll" adapterTypeName="executor://xunit/VsTestRunner3/netcore/" className="Quotes.Tests.Unit.CreateQuoteRequestValidatorTests" name="Validate_AuthorTooLong_ShouldHaveAuthorLengthError" />
    </UnitTest>
    <UnitTest name="Quotes.Tests.Unit.CreateQuoteRequestValidatorTests.Validate_EmptyOrWhitespaceText_ShouldHaveTextRequiredError(invalidText: null)" storage="c:\pj\thinkbridge\thinkschool\quotes.tests.unit\bin\debug\net10.0\quotes.tests.unit.dll" id="296afa96-5984-2ef5-e361-826d8fa491cb">
      <Execution id="19e9d464-d30a-4886-90e7-8c4ee26416e4" />
      <TestMethod codeBase="C:\pj\Thinkbridge\ThinkSchool\Quotes.Tests.Unit\bin\Debug\net10.0\Quotes.Tests.Unit.dll" adapterTypeName="executor://xunit/VsTestRunner3/netcore/" className="Quotes.Tests.Unit.CreateQuoteRequestValidatorTests" name="Validate_EmptyOrWhitespaceText_ShouldHaveTextRequiredError" />
    </UnitTest>
    <UnitTest name="Quotes.Tests.Unit.CreateQuoteRequestValidatorTests.Validate_AuthorTooShort_ShouldHaveAuthorLengthError" storage="c:\pj\thinkbridge\thinkschool\quotes.tests.unit\bin\debug\net10.0\quotes.tests.unit.dll" id="11179fa7-0240-9727-7edd-62e742ecd90c">
      <Execution id="fe2cacb2-60b4-422c-9b69-ad44aa7b5efa" />
      <TestMethod codeBase="C:\pj\Thinkbridge\ThinkSchool\Quotes.Tests.Unit\bin\Debug\net10.0\Quotes.Tests.Unit.dll" adapterTypeName="executor://xunit/VsTestRunner3/netcore/" className="Quotes.Tests.Unit.CreateQuoteRequestValidatorTests" name="Validate_AuthorTooShort_ShouldHaveAuthorLengthError" />
    </UnitTest>
    <UnitTest name="Quotes.Tests.Unit.RefreshTokenServiceTests.RefreshTokenAsync_NullOrEmptyToken_ShouldReturnError(invalidToken: &quot;   &quot;)" storage="c:\pj\thinkbridge\thinkschool\quotes.tests.unit\bin\debug\net10.0\quotes.tests.unit.dll" id="7c89813e-42a4-0d1f-431a-1c464eac624a">
      <Execution id="8e3c2605-85f6-4263-b1ad-afbeae5edb40" />
      <TestMethod codeBase="C:\pj\Thinkbridge\ThinkSchool\Quotes.Tests.Unit\bin\Debug\net10.0\Quotes.Tests.Unit.dll" adapterTypeName="executor://xunit/VsTestRunner3/netcore/" className="Quotes.Tests.Unit.RefreshTokenServiceTests" name="RefreshTokenAsync_NullOrEmptyToken_ShouldReturnError" />
    </UnitTest>
    <UnitTest name="Quotes.Tests.Unit.CollectionTests.Constructor_EmptyOwnerId_ShouldThrowArgumentException" storage="c:\pj\thinkbridge\thinkschool\quotes.tests.unit\bin\debug\net10.0\quotes.tests.unit.dll" id="8df0d022-af99-9e2f-bd4e-307b615edf10">
      <Execution id="2c1bf426-f37c-4804-b8c4-72e593c3fbf3" />
      <TestMethod codeBase="C:\pj\Thinkbridge\ThinkSchool\Quotes.Tests.Unit\bin\Debug\net10.0\Quotes.Tests.Unit.dll" adapterTypeName="executor://xunit/VsTestRunner3/netcore/" className="Quotes.Tests.Unit.CollectionTests" name="Constructor_EmptyOwnerId_ShouldThrowArgumentException" />
    </UnitTest>
    <UnitTest name="Quotes.Tests.Unit.RefreshTokenServiceTests.RefreshTokenAsync_ValidToken_ShouldRevokeOldTokenAndCreateNewOne" storage="c:\pj\thinkbridge\thinkschool\quotes.tests.unit\bin\debug\net10.0\quotes.tests.unit.dll" id="7a42f3c6-978f-6f66-e22e-7084020b0f83">
      <Execution id="a29dc812-bb61-422b-a225-6674c3cd3f63" />
      <TestMethod codeBase="C:\pj\Thinkbridge\ThinkSchool\Quotes.Tests.Unit\bin\Debug\net10.0\Quotes.Tests.Unit.dll" adapterTypeName="executor://xunit/VsTestRunner3/netcore/" className="Quotes.Tests.Unit.RefreshTokenServiceTests" name="RefreshTokenAsync_ValidToken_ShouldRevokeOldTokenAndCreateNewOne" />
    </UnitTest>
    <UnitTest name="Quotes.Tests.Unit.RefreshTokenServiceTests.RefreshTokenAsync_UserNotFound_ShouldReturnError" storage="c:\pj\thinkbridge\thinkschool\quotes.tests.unit\bin\debug\net10.0\quotes.tests.unit.dll" id="c5a90bc1-e7c3-a4ad-b7c0-7a6a3c84aa31">
      <Execution id="c88d411b-d28f-44a9-82fc-3ea2f0ddc115" />
      <TestMethod codeBase="C:\pj\Thinkbridge\ThinkSchool\Quotes.Tests.Unit\bin\Debug\net10.0\Quotes.Tests.Unit.dll" adapterTypeName="executor://xunit/VsTestRunner3/netcore/" className="Quotes.Tests.Unit.RefreshTokenServiceTests" name="RefreshTokenAsync_UserNotFound_ShouldReturnError" />
    </UnitTest>
    <UnitTest name="Quotes.Tests.Unit.QuoteTests.Create_ValidArguments_ShouldReturnQuoteInstance" storage="c:\pj\thinkbridge\thinkschool\quotes.tests.unit\bin\debug\net10.0\quotes.tests.unit.dll" id="94482771-f0b3-0159-771b-dfbeae6c9e1c">
      <Execution id="40e2aec2-019a-44ca-babf-56c45359a144" />
      <TestMethod codeBase="C:\pj\Thinkbridge\ThinkSchool\Quotes.Tests.Unit\bin\Debug\net10.0\Quotes.Tests.Unit.dll" adapterTypeName="executor://xunit/VsTestRunner3/netcore/" className="Quotes.Tests.Unit.QuoteTests" name="Create_ValidArguments_ShouldReturnQuoteInstance" />
    </UnitTest>
    <UnitTest name="Quotes.Tests.Unit.CreateQuoteRequestValidatorTests.Validate_EmptyOrWhitespaceText_ShouldHaveTextRequiredError(invalidText: &quot;  &quot;)" storage="c:\pj\thinkbridge\thinkschool\quotes.tests.unit\bin\debug\net10.0\quotes.tests.unit.dll" id="8583abe6-63b4-75fb-bcda-847c7d901ba2">
      <Execution id="86c94158-0fc3-4980-9d79-400af5255f15" />
      <TestMethod codeBase="C:\pj\Thinkbridge\ThinkSchool\Quotes.Tests.Unit\bin\Debug\net10.0\Quotes.Tests.Unit.dll" adapterTypeName="executor://xunit/VsTestRunner3/netcore/" className="Quotes.Tests.Unit.CreateQuoteRequestValidatorTests" name="Validate_EmptyOrWhitespaceText_ShouldHaveTextRequiredError" />
    </UnitTest>
  </TestDefinitions>
  <TestEntries>
    <TestEntry testId="f78cf6eb-a20c-f063-9cd8-52ef6263df29" executionId="88b15a6d-2b25-4f93-aeb1-f2d0aa121e89" testListId="8c84fa94-04c1-424b-9868-57a2d4851a1d" />
    <TestEntry testId="7a42f3c6-978f-6f66-e22e-7084020b0f83" executionId="a29dc812-bb61-422b-a225-6674c3cd3f63" testListId="8c84fa94-04c1-424b-9868-57a2d4851a1d" />
    <TestEntry testId="94482771-f0b3-0159-771b-dfbeae6c9e1c" executionId="40e2aec2-019a-44ca-babf-56c45359a144" testListId="8c84fa94-04c1-424b-9868-57a2d4851a1d" />
    <TestEntry testId="81e837d2-5f2a-40a2-c8cf-37ea3a2e8405" executionId="e2ac2c6f-4292-49be-9c5f-caf211090513" testListId="8c84fa94-04c1-424b-9868-57a2d4851a1d" />
    <TestEntry testId="1d1dc2b3-4075-ace9-3c3a-69da4ac5dc7c" executionId="826f83bb-0018-4e56-9746-d4765d2a4251" testListId="8c84fa94-04c1-424b-9868-57a2d4851a1d" />
    <TestEntry testId="8ee694a2-158a-6b45-2791-fad7f2f51ba5" executionId="00d116d1-5031-46d8-be60-d996afd32761" testListId="8c84fa94-04c1-424b-9868-57a2d4851a1d" />
    <TestEntry testId="aa94dbea-e5a7-22a8-621d-e9a741729b97" executionId="e7ad6ed3-399b-4616-a3bc-0276286d0d55" testListId="8c84fa94-04c1-424b-9868-57a2d4851a1d" />
    <TestEntry testId="33811944-3b41-af49-0521-0ab36fa80da1" executionId="deb3cd29-2c18-49e4-80d2-a645fe65a725" testListId="8c84fa94-04c1-424b-9868-57a2d4851a1d" />
    <TestEntry testId="424e48f6-7b69-0dc7-e919-45efe4bcf166" executionId="1b517aaf-32dd-49f5-b030-d3019563d2ea" testListId="8c84fa94-04c1-424b-9868-57a2d4851a1d" />
    <TestEntry testId="e9b440e3-4623-19d9-8c7d-2cc4cdd7a9b1" executionId="00a1d4e2-fa4f-45b6-84c2-3d73e982d43f" testListId="8c84fa94-04c1-424b-9868-57a2d4851a1d" />
    <TestEntry testId="afe3fbe8-3b10-c7d7-8ab8-e4d7f8f57da3" executionId="68bd4c1b-70e1-4459-9c3e-ed4f14cdc718" testListId="8c84fa94-04c1-424b-9868-57a2d4851a1d" />
    <TestEntry testId="6420b495-e259-3e83-161b-5c8db8f89958" executionId="f98ef996-da00-4f82-87d6-a93f574c8cd8" testListId="8c84fa94-04c1-424b-9868-57a2d4851a1d" />
    <TestEntry testId="8df0d022-af99-9e2f-bd4e-307b615edf10" executionId="2c1bf426-f37c-4804-b8c4-72e593c3fbf3" testListId="8c84fa94-04c1-424b-9868-57a2d4851a1d" />
    <TestEntry testId="05e4efd7-a1fa-5539-3cc6-5cee58271dcd" executionId="538f81e7-7cc8-4c45-8a5d-779393692844" testListId="8c84fa94-04c1-424b-9868-57a2d4851a1d" />
    <TestEntry testId="53773d91-5971-d6b0-bff3-cd020a017f58" executionId="62f81b35-28d5-4711-815a-f32b4f9514bf" testListId="8c84fa94-04c1-424b-9868-57a2d4851a1d" />
    <TestEntry testId="296afa96-5984-2ef5-e361-826d8fa491cb" executionId="19e9d464-d30a-4886-90e7-8c4ee26416e4" testListId="8c84fa94-04c1-424b-9868-57a2d4851a1d" />
    <TestEntry testId="d4f70717-294d-270a-481f-d8aeb320f3fc" executionId="e9de4491-607d-416a-94d7-b6136b147838" testListId="8c84fa94-04c1-424b-9868-57a2d4851a1d" />
    <TestEntry testId="bfad2a16-e9a2-5dc7-c6ae-4b05f8a33d32" executionId="1e981e49-2504-4055-9da8-5a133e2ae823" testListId="8c84fa94-04c1-424b-9868-57a2d4851a1d" />
    <TestEntry testId="49194d59-0aa1-9cb9-324b-78a4933d009f" executionId="6ddf00d7-2dcd-4480-b6eb-e2f4f7996187" testListId="8c84fa94-04c1-424b-9868-57a2d4851a1d" />
    <TestEntry testId="ff463047-a9c8-4d22-8656-89a78ca1507a" executionId="ec0f0c6d-6f99-4836-87a8-63188ace6731" testListId="8c84fa94-04c1-424b-9868-57a2d4851a1d" />
    <TestEntry testId="7c89813e-42a4-0d1f-431a-1c464eac624a" executionId="8e3c2605-85f6-4263-b1ad-afbeae5edb40" testListId="8c84fa94-04c1-424b-9868-57a2d4851a1d" />
    <TestEntry testId="6309349c-e86f-e9fa-7131-010fa3bf2125" executionId="a9f2ba98-fefe-4cf5-ba10-1fd45e66e77e" testListId="8c84fa94-04c1-424b-9868-57a2d4851a1d" />
    <TestEntry testId="f457da7c-4fad-ee78-8982-4f582b7db7d4" executionId="05a58d8d-3c92-4ef5-ba3f-de0ae249bba4" testListId="8c84fa94-04c1-424b-9868-57a2d4851a1d" />
    <TestEntry testId="eef9b82d-77be-20cc-87fc-dd6fb9fdfce9" executionId="95986253-80d3-4f75-a792-8a37a4a7f37d" testListId="8c84fa94-04c1-424b-9868-57a2d4851a1d" />
    <TestEntry testId="3a39fb0e-9e0e-125a-1bea-d0b59c1b202d" executionId="b9a33cff-494b-442a-8935-9592366b7803" testListId="8c84fa94-04c1-424b-9868-57a2d4851a1d" />
    <TestEntry testId="253da96d-7bdb-96dd-4145-0c856b44291a" executionId="1bcc9d56-84f3-46c0-823e-7903bb1750b4" testListId="8c84fa94-04c1-424b-9868-57a2d4851a1d" />
    <TestEntry testId="11179fa7-0240-9727-7edd-62e742ecd90c" executionId="fe2cacb2-60b4-422c-9b69-ad44aa7b5efa" testListId="8c84fa94-04c1-424b-9868-57a2d4851a1d" />
    <TestEntry testId="2387080a-a704-4fc5-598c-b8ca19d8de01" executionId="4fdf5c07-8ec2-4ac6-afe0-ac45cd211855" testListId="8c84fa94-04c1-424b-9868-57a2d4851a1d" />
    <TestEntry testId="2204beb1-5c43-0544-bd9f-9e5b481eaa6e" executionId="9106481d-629f-4814-a4cb-4b05f422282d" testListId="8c84fa94-04c1-424b-9868-57a2d4851a1d" />
    <TestEntry testId="4b3f9805-b244-f30e-7134-940d2b842506" executionId="83c19d9e-7fc8-4d00-8a52-32ffceb70801" testListId="8c84fa94-04c1-424b-9868-57a2d4851a1d" />
    <TestEntry testId="96acd11c-bdab-3403-e9de-069b9116b075" executionId="4beaae4a-ab62-4dea-8f2d-a2522d3f6e2b" testListId="8c84fa94-04c1-424b-9868-57a2d4851a1d" />
    <TestEntry testId="e4f46bfc-09b0-b25e-8287-68e59dcf18fd" executionId="5433097c-1268-411a-b152-2ce05d23fe2e" testListId="8c84fa94-04c1-424b-9868-57a2d4851a1d" />
    <TestEntry testId="8583abe6-63b4-75fb-bcda-847c7d901ba2" executionId="86c94158-0fc3-4980-9d79-400af5255f15" testListId="8c84fa94-04c1-424b-9868-57a2d4851a1d" />
    <TestEntry testId="2efa598f-35bd-ab3e-8ded-1c12381b89d3" executionId="38149f85-7aab-48b0-9ea0-f514eef1eaf2" testListId="8c84fa94-04c1-424b-9868-57a2d4851a1d" />
    <TestEntry testId="20d15335-f242-cf04-3573-e494a594478b" executionId="ba2e4d22-e85d-4838-af1b-6c267a7b654a" testListId="8c84fa94-04c1-424b-9868-57a2d4851a1d" />
    <TestEntry testId="a2b58599-d01a-8b5e-7129-35d679f49a01" executionId="a23c8130-58f7-4093-849f-50fb9e71bf00" testListId="8c84fa94-04c1-424b-9868-57a2d4851a1d" />
    <TestEntry testId="8fd71d06-4362-1151-0f7a-82cddf861de5" executionId="b2d3a4b4-73bd-41fa-9a29-d33c63950d80" testListId="8c84fa94-04c1-424b-9868-57a2d4851a1d" />
    <TestEntry testId="705c00e6-4bea-3d0b-f465-1b4538acc8a7" executionId="3bbb8e7e-e723-4db4-a232-4a8e98e98a03" testListId="8c84fa94-04c1-424b-9868-57a2d4851a1d" />
    <TestEntry testId="5ab080aa-5aa7-4da4-d708-c2f267cd252f" executionId="8985e544-517e-4916-a73a-db27366bc1a4" testListId="8c84fa94-04c1-424b-9868-57a2d4851a1d" />
    <TestEntry testId="d5a8f383-de34-2f3f-9142-f7bf12a1c682" executionId="94df2e88-33ae-4732-b001-5063c9b89ed5" testListId="8c84fa94-04c1-424b-9868-57a2d4851a1d" />
    <TestEntry testId="e115700d-78a2-5da8-6518-e45a4f6506c4" executionId="bf9b4cf2-2cbc-4593-af91-ad24901931f1" testListId="8c84fa94-04c1-424b-9868-57a2d4851a1d" />
    <TestEntry testId="c5a90bc1-e7c3-a4ad-b7c0-7a6a3c84aa31" executionId="c88d411b-d28f-44a9-82fc-3ea2f0ddc115" testListId="8c84fa94-04c1-424b-9868-57a2d4851a1d" />
  </TestEntries>
  <TestLists>
    <TestList name="Results Not in a List" id="8c84fa94-04c1-424b-9868-57a2d4851a1d" />
    <TestList name="All Loaded Results" id="19431567-8539-422a-85d7-44ee4e166bda" />
  </TestLists>
  <ResultSummary outcome="Completed">
    <Counters total="42" executed="42" passed="42" failed="0" error="0" timeout="0" aborted="0" inconclusive="0" passedButRunAborted="0" notRunnable="0" notExecuted="0" disconnected="0" warning="0" completed="0" inProgress="0" pending="0" />
    <Output>
      <StdOut>[xUnit.net 00:00:00.00] xUnit.net VSTest Adapter v3.1.5+1b188a7b0a (64-bit .NET 10.0.10)&#xD;
[xUnit.net 00:00:01.44]   Discovering: Quotes.Tests.Unit&#xD;
[xUnit.net 00:00:01.52]   Discovered:  Quotes.Tests.Unit&#xD;
[xUnit.net 00:00:01.56]   Starting:    Quotes.Tests.Unit&#xD;
     Warning:&#xD;
     The component "Fluent Assertions" is governed by the rules defined in the Xceed License Agreement and&#xD;
     the Xceed Fluent Assertions Community License. You may use Fluent Assertions free of charge for&#xD;
     non-commercial use only. An active subscription is required to use Fluent Assertions for commercial use.&#xD;
     Please contact Xceed Sales mailto:sales@xceed.com to acquire a subscription at a very low cost.&#xD;
     A paid commercial license supports the development and continued increasing support of&#xD;
     Fluent Assertions users under both commercial and community licenses. Help us&#xD;
     keep Fluent Assertions at the forefront of unit testing.&#xD;
     For more information, visit https://xceed.com/products/unit-testing/fluent-assertions/&#xD;
[xUnit.net 00:00:03.48]   Finished:    Quotes.Tests.Unit&#xD;
</StdOut>
    </Output>
  </ResultSummary>
</TestRun>